<?xml version="1.0" encoding="UTF-8"?>
<!-- Generated by org.testng.reporters.JUnitReportReporter -->
<testsuite hostname="CPC-I0101-K6FWU" failures="0" tests="6" name="testRunner.TestngTestRunner" time="87.907" errors="0" timestamp="2024-03-17T16:45:50 IST" skipped="0">
  <testcase classname="testRunner.TestngTestRunner" name="runScenario" time="23.755"/>
  <system-out/>
  <testcase classname="testRunner.TestngTestRunner" name="runScenario" time="9.212"/>
  <system-out/>
  <testcase classname="testRunner.TestngTestRunner" name="runScenario" time="30.224"/>
  <system-out/>
  <testcase classname="testRunner.TestngTestRunner" name="runScenario" time="8.181"/>
  <system-out/>
  <testcase classname="testRunner.TestngTestRunner" name="runScenario" time="11.209"/>
  <system-out/>
  <testcase classname="testRunner.TestngTestRunner" name="runScenario" time="5.326"/>
  <system-out/>
</testsuite> <!-- testRunner.TestngTestRunner -->
